# JRE version: OpenJDK Runtime Environment Temurin-21.0.4+7 (21.0.4+7) (build 21.0.4+7-LTS)
# Java VM: OpenJDK 64-Bit Server VM Temurin-21.0.4+7 (21.0.4+7-LTS, mixed mode, emulated-client, tiered, compressed oops, compressed class ptrs, g1 gc, windows-amd64)
GC Precious Log:
 CardTable entry size: 512
 Card Set container configuration: InlinePtr #cards 5 size 8 Array Of Cards #cards 12 size 40 Howl #buckets 4 coarsen threshold 1843 Howl Bitmap #cards 512 size 80 coarsen threshold 460 Card regions per heap region 1 cards per card region 2048
 CPUs: 16 total, 16 available
 Memory: 7877M
 Large Page Support: Disabled
 NUMA Support: Disabled
 Compressed Oops: Enabled (32-bit)
 Heap Region Size: 1M
 Heap Min Capacity: 8M
 Heap Initial Capacity: 124M
 Heap Max Capacity: 1970M
 Pre-touch: Disabled
 Parallel Workers: 13
 Concurrent Workers: 3
 Concurrent Refinement Workers: 13
 Periodic GC: Disabled
Heap:
 garbage-first heap   total 167936K, used 76571K [0x0000000084e00000, 0x0000000100000000)
  region size 1024K, 12 young (12288K), 5 survivors (5120K)
 Metaspace       used 108743K, committed 110144K, reserved 1179648K
  class space    used 14910K, committed 15488K, reserved 1048576K
GC Heap History (20 events):
Event: 21885.194 GC heap before
{Heap before GC invocations=109 (full 6):
 garbage-first heap   total 171008K, used 149572K [0x0000000084e00000, 0x0000000100000000)
  region size 1024K, 93 young (95232K), 7 survivors (7168K)
 Metaspace       used 106067K, committed 108416K, reserved 1179648K
  class space    used 14565K, committed 15360K, reserved 1048576K
}
Event: 21885.215 GC heap after
{Heap after GC invocations=110 (full 6):
 garbage-first heap   total 171008K, used 64853K [0x0000000084e00000, 0x0000000100000000)
  region size 1024K, 11 young (11264K), 11 survivors (11264K)
 Metaspace       used 106067K, committed 108416K, reserved 1179648K
  class space    used 14565K, committed 15360K, reserved 1048576K
}
Event: 22140.412 GC heap before
{Heap before GC invocations=110 (full 6):
 garbage-first heap   total 171008K, used 144725K [0x0000000084e00000, 0x0000000100000000)
  region size 1024K, 89 young (91136K), 11 survivors (11264K)
 Metaspace       used 106353K, committed 108416K, reserved 1179648K
  class space    used 14596K, committed 15360K, reserved 1048576K
}
Event: 22140.609 GC heap after
{Heap after GC invocations=111 (full 6):
 garbage-first heap   total 205824K, used 66606K [0x0000000084e00000, 0x0000000100000000)
  region size 1024K, 8 young (8192K), 8 survivors (8192K)
 Metaspace       used 106353K, committed 108416K, reserved 1179648K
  class space    used 14596K, committed 15360K, reserved 1048576K
}
Event: 22985.066 GC heap before
{Heap before GC invocations=111 (full 6):
 garbage-first heap   total 205824K, used 166958K [0x0000000084e00000, 0x0000000100000000)
  region size 1024K, 107 young (109568K), 8 survivors (8192K)
 Metaspace       used 106367K, committed 108416K, reserved 1179648K
  class space    used 14598K, committed 15360K, reserved 1048576K
}
Event: 22985.656 GC heap after
{Heap after GC invocations=112 (full 7):
 garbage-first heap   total 167936K, used 46667K [0x0000000084e00000, 0x0000000100000000)
  region size 1024K, 0 young (0K), 0 survivors (0K)
 Metaspace       used 104925K, committed 108160K, reserved 1179648K
  class space    used 14431K, committed 15360K, reserved 1048576K
}
Event: 22989.411 GC heap before
{Heap before GC invocations=112 (full 7):
 garbage-first heap   total 167936K, used 129611K [0x0000000084e00000, 0x0000000100000000)
  region size 1024K, 83 young (84992K), 0 survivors (0K)
 Metaspace       used 105289K, committed 108160K, reserved 1179648K
  class space    used 14482K, committed 15360K, reserved 1048576K
}
Event: 22989.424 GC heap after
{Heap after GC invocations=113 (full 7):
 garbage-first heap   total 167936K, used 54709K [0x0000000084e00000, 0x0000000100000000)
  region size 1024K, 8 young (8192K), 8 survivors (8192K)
 Metaspace       used 105289K, committed 108160K, reserved 1179648K
  class space    used 14482K, committed 15360K, reserved 1048576K
}
Event: 22990.246 GC heap before
{Heap before GC invocations=114 (full 7):
 garbage-first heap   total 167936K, used 147893K [0x0000000084e00000, 0x0000000100000000)
  region size 1024K, 98 young (100352K), 8 survivors (8192K)
 Metaspace       used 105680K, committed 108160K, reserved 1179648K
  class space    used 14526K, committed 15360K, reserved 1048576K
}
Event: 22990.261 GC heap after
{Heap after GC invocations=115 (full 7):
 garbage-first heap   total 167936K, used 58582K [0x0000000084e00000, 0x0000000100000000)
  region size 1024K, 6 young (6144K), 6 survivors (6144K)
 Metaspace       used 105680K, committed 108160K, reserved 1179648K
  class space    used 14526K, committed 15360K, reserved 1048576K
}
Event: 22990.655 GC heap before
{Heap before GC invocations=115 (full 7):
 garbage-first heap   total 167936K, used 147670K [0x0000000084e00000, 0x0000000100000000)
  region size 1024K, 93 young (95232K), 6 survivors (6144K)
 Metaspace       used 106027K, committed 108160K, reserved 1179648K
  class space    used 14564K, committed 15360K, reserved 1048576K
}
Event: 22990.662 GC heap after
{Heap after GC invocations=116 (full 7):
 garbage-first heap   total 167936K, used 62205K [0x0000000084e00000, 0x0000000100000000)
  region size 1024K, 9 young (9216K), 9 survivors (9216K)
 Metaspace       used 106027K, committed 108160K, reserved 1179648K
  class space    used 14564K, committed 15360K, reserved 1048576K
}
Event: 22991.168 GC heap before
{Heap before GC invocations=116 (full 7):
 garbage-first heap   total 167936K, used 146173K [0x0000000084e00000, 0x0000000100000000)
  region size 1024K, 91 young (93184K), 9 survivors (9216K)
 Metaspace       used 106141K, committed 108160K, reserved 1179648K
  class space    used 14592K, committed 15360K, reserved 1048576K
}
Event: 22991.178 GC heap after
{Heap after GC invocations=117 (full 7):
 garbage-first heap   total 167936K, used 66155K [0x0000000084e00000, 0x0000000100000000)
  region size 1024K, 9 young (9216K), 9 survivors (9216K)
 Metaspace       used 106141K, committed 108160K, reserved 1179648K
  class space    used 14592K, committed 15360K, reserved 1048576K
}
Event: 23419.963 GC heap before
{Heap before GC invocations=118 (full 7):
 garbage-first heap   total 167936K, used 143979K [0x0000000084e00000, 0x0000000100000000)
  region size 1024K, 86 young (88064K), 9 survivors (9216K)
 Metaspace       used 106444K, committed 108160K, reserved 1179648K
  class space    used 14627K, committed 15360K, reserved 1048576K
}
Event: 23420.140 GC heap after
{Heap after GC invocations=119 (full 7):
 garbage-first heap   total 167936K, used 67839K [0x0000000084e00000, 0x0000000100000000)
  region size 1024K, 6 young (6144K), 6 survivors (6144K)
 Metaspace       used 106444K, committed 108160K, reserved 1179648K
  class space    used 14627K, committed 15360K, reserved 1048576K
}
Event: 24158.441 GC heap before
{Heap before GC invocations=119 (full 7):
 garbage-first heap   total 167936K, used 148735K [0x0000000084e00000, 0x0000000100000000)
  region size 1024K, 86 young (88064K), 6 survivors (6144K)
 Metaspace       used 107033K, committed 108288K, reserved 1179648K
  class space    used 14711K, committed 15360K, reserved 1048576K
}
Event: 24158.533 GC heap after
{Heap after GC invocations=120 (full 7):
 garbage-first heap   total 167936K, used 70659K [0x0000000084e00000, 0x0000000100000000)
  region size 1024K, 9 young (9216K), 9 survivors (9216K)
 Metaspace       used 107033K, committed 108288K, reserved 1179648K
  class space    used 14711K, committed 15360K, reserved 1048576K
}
Event: 24629.087 GC heap before
{Heap before GC invocations=120 (full 7):
 garbage-first heap   total 167936K, used 145411K [0x0000000084e00000, 0x0000000100000000)
  region size 1024K, 83 young (84992K), 9 survivors (9216K)
 Metaspace       used 108987K, committed 110144K, reserved 1179648K
  class space    used 14983K, committed 15488K, reserved 1048576K
}
Event: 24629.233 GC heap after
{Heap after GC invocations=121 (full 7):
 garbage-first heap   total 167936K, used 70427K [0x0000000084e00000, 0x0000000100000000)
  region size 1024K, 5 young (5120K), 5 survivors (5120K)
 Metaspace       used 108987K, committed 110144K, reserved 1179648K
  class space    used 14983K, committed 15488K, reserved 1048576K
}

