# JRE version: OpenJDK Runtime Environment Temurin-21.0.4+7 (21.0.4+7) (build 21.0.4+7-LTS)
# Java VM: OpenJDK 64-Bit Server VM Temurin-21.0.4+7 (21.0.4+7-LTS, mixed mode, emulated-client, tiered, compressed oops, compressed class ptrs, g1 gc, windows-amd64)
GC Precious Log:
 CardTable entry size: 512
 Card Set container configuration: InlinePtr #cards 5 size 8 Array Of Cards #cards 12 size 40 Howl #buckets 4 coarsen threshold 1843 Howl Bitmap #cards 512 size 80 coarsen threshold 460 Card regions per heap region 1 cards per card region 2048
 CPUs: 16 total, 16 available
 Memory: 7877M
 Large Page Support: Disabled
 NUMA Support: Disabled
 Compressed Oops: Enabled (32-bit)
 Heap Region Size: 1M
 Heap Min Capacity: 8M
 Heap Initial Capacity: 124M
 Heap Max Capacity: 1970M
 Pre-touch: Disabled
 Parallel Workers: 13
 Concurrent Workers: 3
 Concurrent Refinement Workers: 13
 Periodic GC: Disabled
Heap:
 garbage-first heap   total 151552K, used 66837K [0x0000000084e00000, 0x0000000100000000)
  region size 1024K, 15 young (15360K), 7 survivors (7168K)
 Metaspace       used 104253K, committed 105280K, reserved 1179648K
  class space    used 14326K, committed 14848K, reserved 1048576K
GC Heap History (20 events):
Event: 2758.488 GC heap before
{Heap before GC invocations=61 (full 1):
 garbage-first heap   total 125952K, used 110464K [0x0000000084e00000, 0x0000000100000000)
  region size 1024K, 64 young (65536K), 5 survivors (5120K)
 Metaspace       used 102723K, committed 103808K, reserved 1179648K
  class space    used 14189K, committed 14720K, reserved 1048576K
}
Event: 2758.498 GC heap after
{Heap after GC invocations=62 (full 1):
 garbage-first heap   total 125952K, used 53023K [0x0000000084e00000, 0x0000000100000000)
  region size 1024K, 4 young (4096K), 4 survivors (4096K)
 Metaspace       used 102723K, committed 103808K, reserved 1179648K
  class space    used 14189K, committed 14720K, reserved 1048576K
}
Event: 2759.045 GC heap before
{Heap before GC invocations=62 (full 1):
 garbage-first heap   total 125952K, used 79647K [0x0000000084e00000, 0x0000000100000000)
  region size 1024K, 31 young (31744K), 4 survivors (4096K)
 Metaspace       used 102884K, committed 103936K, reserved 1179648K
  class space    used 14216K, committed 14720K, reserved 1048576K
}
Event: 2759.049 GC heap after
{Heap after GC invocations=63 (full 1):
 garbage-first heap   total 125952K, used 54425K [0x0000000084e00000, 0x0000000100000000)
  region size 1024K, 6 young (6144K), 6 survivors (6144K)
 Metaspace       used 102884K, committed 103936K, reserved 1179648K
  class space    used 14216K, committed 14720K, reserved 1048576K
}
Event: 2759.347 GC heap before
{Heap before GC invocations=64 (full 1):
 garbage-first heap   total 125952K, used 108697K [0x0000000084e00000, 0x0000000100000000)
  region size 1024K, 59 young (60416K), 6 survivors (6144K)
 Metaspace       used 103153K, committed 104128K, reserved 1179648K
  class space    used 14238K, committed 14720K, reserved 1048576K
}
Event: 2759.353 GC heap after
{Heap after GC invocations=65 (full 1):
 garbage-first heap   total 125952K, used 56833K [0x0000000084e00000, 0x0000000100000000)
  region size 1024K, 5 young (5120K), 5 survivors (5120K)
 Metaspace       used 103153K, committed 104128K, reserved 1179648K
  class space    used 14238K, committed 14720K, reserved 1048576K
}
Event: 2759.564 GC heap before
{Heap before GC invocations=65 (full 1):
 garbage-first heap   total 125952K, used 110081K [0x0000000084e00000, 0x0000000100000000)
  region size 1024K, 57 young (58368K), 5 survivors (5120K)
 Metaspace       used 103350K, committed 104320K, reserved 1179648K
  class space    used 14257K, committed 14720K, reserved 1048576K
}
Event: 2759.573 GC heap after
{Heap after GC invocations=66 (full 1):
 garbage-first heap   total 125952K, used 59155K [0x0000000084e00000, 0x0000000100000000)
  region size 1024K, 5 young (5120K), 5 survivors (5120K)
 Metaspace       used 103350K, committed 104320K, reserved 1179648K
  class space    used 14257K, committed 14720K, reserved 1048576K
}
Event: 2759.900 GC heap before
{Heap before GC invocations=66 (full 1):
 garbage-first heap   total 125952K, used 111379K [0x0000000084e00000, 0x0000000100000000)
  region size 1024K, 56 young (57344K), 5 survivors (5120K)
 Metaspace       used 103483K, committed 104448K, reserved 1179648K
  class space    used 14279K, committed 14720K, reserved 1048576K
}
Event: 2759.907 GC heap after
{Heap after GC invocations=67 (full 1):
 garbage-first heap   total 125952K, used 61656K [0x0000000084e00000, 0x0000000100000000)
  region size 1024K, 5 young (5120K), 5 survivors (5120K)
 Metaspace       used 103483K, committed 104448K, reserved 1179648K
  class space    used 14279K, committed 14720K, reserved 1048576K
}
Event: 2760.228 GC heap before
{Heap before GC invocations=68 (full 1):
 garbage-first heap   total 125952K, used 110808K [0x0000000084e00000, 0x0000000100000000)
  region size 1024K, 53 young (54272K), 5 survivors (5120K)
 Metaspace       used 103570K, committed 104640K, reserved 1179648K
  class space    used 14301K, committed 14784K, reserved 1048576K
}
Event: 2760.235 GC heap after
{Heap after GC invocations=69 (full 1):
 garbage-first heap   total 151552K, used 63969K [0x0000000084e00000, 0x0000000100000000)
  region size 1024K, 6 young (6144K), 6 survivors (6144K)
 Metaspace       used 103570K, committed 104640K, reserved 1179648K
  class space    used 14301K, committed 14784K, reserved 1048576K
}
Event: 2772.097 GC heap before
{Heap before GC invocations=69 (full 1):
 garbage-first heap   total 151552K, used 104929K [0x0000000084e00000, 0x0000000100000000)
  region size 1024K, 47 young (48128K), 6 survivors (6144K)
 Metaspace       used 103660K, committed 104704K, reserved 1179648K
  class space    used 14319K, committed 14784K, reserved 1048576K
}
Event: 2772.169 GC heap after
{Heap after GC invocations=70 (full 2):
 garbage-first heap   total 151552K, used 48077K [0x0000000084e00000, 0x0000000100000000)
  region size 1024K, 0 young (0K), 0 survivors (0K)
 Metaspace       used 103336K, committed 104704K, reserved 1179648K
  class space    used 14243K, committed 14784K, reserved 1048576K
}
Event: 2774.280 GC heap before
{Heap before GC invocations=70 (full 2):
 garbage-first heap   total 151552K, used 127949K [0x0000000084e00000, 0x0000000100000000)
  region size 1024K, 80 young (81920K), 0 survivors (0K)
 Metaspace       used 103615K, committed 104768K, reserved 1179648K
  class space    used 14272K, committed 14784K, reserved 1048576K
}
Event: 2774.286 GC heap after
{Heap after GC invocations=71 (full 2):
 garbage-first heap   total 151552K, used 54376K [0x0000000084e00000, 0x0000000100000000)
  region size 1024K, 7 young (7168K), 7 survivors (7168K)
 Metaspace       used 103615K, committed 104768K, reserved 1179648K
  class space    used 14272K, committed 14784K, reserved 1048576K
}
Event: 2774.854 GC heap before
{Heap before GC invocations=72 (full 2):
 garbage-first heap   total 151552K, used 133224K [0x0000000084e00000, 0x0000000100000000)
  region size 1024K, 83 young (84992K), 7 survivors (7168K)
 Metaspace       used 103852K, committed 104960K, reserved 1179648K
  class space    used 14292K, committed 14848K, reserved 1048576K
}
Event: 2774.858 GC heap after
{Heap after GC invocations=73 (full 2):
 garbage-first heap   total 151552K, used 57074K [0x0000000084e00000, 0x0000000100000000)
  region size 1024K, 4 young (4096K), 4 survivors (4096K)
 Metaspace       used 103852K, committed 104960K, reserved 1179648K
  class space    used 14292K, committed 14848K, reserved 1048576K
}
Event: 2775.131 GC heap before
{Heap before GC invocations=73 (full 2):
 garbage-first heap   total 151552K, used 133874K [0x0000000084e00000, 0x0000000100000000)
  region size 1024K, 79 young (80896K), 4 survivors (4096K)
 Metaspace       used 104181K, committed 105216K, reserved 1179648K
  class space    used 14320K, committed 14848K, reserved 1048576K
}
Event: 2775.135 GC heap after
{Heap after GC invocations=74 (full 2):
 garbage-first heap   total 151552K, used 59669K [0x0000000084e00000, 0x0000000100000000)
  region size 1024K, 7 young (7168K), 7 survivors (7168K)
 Metaspace       used 104181K, committed 105216K, reserved 1179648K
  class space    used 14320K, committed 14848K, reserved 1048576K
}

