# JRE version: OpenJDK Runtime Environment Temurin-21.0.4+7 (21.0.4+7) (build 21.0.4+7-LTS)
# Java VM: OpenJDK 64-Bit Server VM Temurin-21.0.4+7 (21.0.4+7-LTS, mixed mode, emulated-client, tiered, compressed oops, compressed class ptrs, g1 gc, windows-amd64)
GC Precious Log:
 CardTable entry size: 512
 Card Set container configuration: InlinePtr #cards 5 size 8 Array Of Cards #cards 12 size 40 Howl #buckets 4 coarsen threshold 1843 Howl Bitmap #cards 512 size 80 coarsen threshold 460 Card regions per heap region 1 cards per card region 2048
 CPUs: 16 total, 16 available
 Memory: 7877M
 Large Page Support: Disabled
 NUMA Support: Disabled
 Compressed Oops: Enabled (32-bit)
 Heap Region Size: 1M
 Heap Min Capacity: 8M
 Heap Initial Capacity: 124M
 Heap Max Capacity: 1970M
 Pre-touch: Disabled
 Parallel Workers: 13
 Concurrent Workers: 3
 Concurrent Refinement Workers: 13
 Periodic GC: Disabled
Heap:
 garbage-first heap   total 208896K, used 176003K [0x0000000084e00000, 0x0000000100000000)
  region size 1024K, 99 young (101376K), 8 survivors (8192K)
 Metaspace       used 106556K, committed 109504K, reserved 1179648K
  class space    used 14582K, committed 15360K, reserved 1048576K
GC Heap History (20 events):
Event: 12708.327 GC heap after
{Heap after GC invocations=234 (full 24):
 garbage-first heap   total 208896K, used 69615K [0x0000000084e00000, 0x0000000100000000)
  region size 1024K, 0 young (0K), 0 survivors (0K)
 Metaspace       used 106198K, committed 108288K, reserved 1179648K
  class space    used 14535K, committed 15360K, reserved 1048576K
}
Event: 12709.787 GC heap before
{Heap before GC invocations=234 (full 24):
 garbage-first heap   total 208896K, used 150511K [0x0000000084e00000, 0x0000000100000000)
  region size 1024K, 80 young (81920K), 0 survivors (0K)
 Metaspace       used 106468K, committed 108288K, reserved 1179648K
  class space    used 14563K, committed 15360K, reserved 1048576K
}
Event: 12709.795 GC heap after
{Heap after GC invocations=235 (full 24):
 garbage-first heap   total 208896K, used 76480K [0x0000000084e00000, 0x0000000100000000)
  region size 1024K, 7 young (7168K), 7 survivors (7168K)
 Metaspace       used 106468K, committed 108288K, reserved 1179648K
  class space    used 14563K, committed 15360K, reserved 1048576K
}
Event: 12710.899 GC heap before
{Heap before GC invocations=236 (full 24):
 garbage-first heap   total 208896K, used 182976K [0x0000000084e00000, 0x0000000100000000)
  region size 1024K, 110 young (112640K), 7 survivors (7168K)
 Metaspace       used 106887K, committed 108416K, reserved 1179648K
  class space    used 14602K, committed 15360K, reserved 1048576K
}
Event: 12710.912 GC heap after
{Heap after GC invocations=237 (full 24):
 garbage-first heap   total 208896K, used 79372K [0x0000000084e00000, 0x0000000100000000)
  region size 1024K, 10 young (10240K), 10 survivors (10240K)
 Metaspace       used 106887K, committed 108416K, reserved 1179648K
  class space    used 14602K, committed 15360K, reserved 1048576K
}
Event: 12711.515 GC heap before
{Heap before GC invocations=237 (full 24):
 garbage-first heap   total 208896K, used 181772K [0x0000000084e00000, 0x0000000100000000)
  region size 1024K, 110 young (112640K), 10 survivors (10240K)
 Metaspace       used 107102K, committed 108544K, reserved 1179648K
  class space    used 14619K, committed 15360K, reserved 1048576K
}
Event: 12711.528 GC heap after
{Heap after GC invocations=238 (full 24):
 garbage-first heap   total 208896K, used 82801K [0x0000000084e00000, 0x0000000100000000)
  region size 1024K, 9 young (9216K), 9 survivors (9216K)
 Metaspace       used 107102K, committed 108544K, reserved 1179648K
  class space    used 14619K, committed 15360K, reserved 1048576K
}
Event: 12764.967 GC heap before
{Heap before GC invocations=238 (full 24):
 garbage-first heap   total 208896K, used 167793K [0x0000000084e00000, 0x0000000100000000)
  region size 1024K, 94 young (96256K), 9 survivors (9216K)
 Metaspace       used 107107K, committed 108544K, reserved 1179648K
  class space    used 14620K, committed 15360K, reserved 1048576K
}
Event: 12765.581 GC heap after
{Heap after GC invocations=239 (full 25):
 garbage-first heap   total 208896K, used 79430K [0x0000000084e00000, 0x0000000100000000)
  region size 1024K, 0 young (0K), 0 survivors (0K)
 Metaspace       used 107107K, committed 108544K, reserved 1179648K
  class space    used 14620K, committed 15360K, reserved 1048576K
}
Event: 12766.764 GC heap before
{Heap before GC invocations=239 (full 25):
 garbage-first heap   total 208896K, used 159302K [0x0000000084e00000, 0x0000000100000000)
  region size 1024K, 80 young (81920K), 0 survivors (0K)
 Metaspace       used 107478K, committed 108800K, reserved 1179648K
  class space    used 14650K, committed 15360K, reserved 1048576K
}
Event: 12766.771 GC heap after
{Heap after GC invocations=240 (full 25):
 garbage-first heap   total 208896K, used 86239K [0x0000000084e00000, 0x0000000100000000)
  region size 1024K, 7 young (7168K), 7 survivors (7168K)
 Metaspace       used 107478K, committed 108800K, reserved 1179648K
  class space    used 14650K, committed 15360K, reserved 1048576K
}
Event: 12768.234 GC heap before
{Heap before GC invocations=241 (full 25):
 garbage-first heap   total 208896K, used 187615K [0x0000000084e00000, 0x0000000100000000)
  region size 1024K, 105 young (107520K), 7 survivors (7168K)
 Metaspace       used 107800K, committed 109056K, reserved 1179648K
  class space    used 14671K, committed 15360K, reserved 1048576K
}
Event: 12768.244 GC heap after
{Heap after GC invocations=242 (full 25):
 garbage-first heap   total 208896K, used 88963K [0x0000000084e00000, 0x0000000100000000)
  region size 1024K, 10 young (10240K), 10 survivors (10240K)
 Metaspace       used 107800K, committed 109056K, reserved 1179648K
  class space    used 14671K, committed 15360K, reserved 1048576K
}
Event: 12768.844 GC heap before
{Heap before GC invocations=242 (full 25):
 garbage-first heap   total 208896K, used 183171K [0x0000000084e00000, 0x0000000100000000)
  region size 1024K, 102 young (104448K), 10 survivors (10240K)
 Metaspace       used 108042K, committed 109248K, reserved 1179648K
  class space    used 14689K, committed 15360K, reserved 1048576K
}
Event: 12768.863 GC heap after
{Heap after GC invocations=243 (full 25):
 garbage-first heap   total 208896K, used 81081K [0x0000000084e00000, 0x0000000100000000)
  region size 1024K, 8 young (8192K), 8 survivors (8192K)
 Metaspace       used 108042K, committed 109248K, reserved 1179648K
  class space    used 14689K, committed 15360K, reserved 1048576K
}
Event: 12836.024 GC heap before
{Heap before GC invocations=243 (full 25):
 garbage-first heap   total 208896K, used 186553K [0x0000000084e00000, 0x0000000100000000)
  region size 1024K, 111 young (113664K), 8 survivors (8192K)
 Metaspace       used 108085K, committed 109312K, reserved 1179648K
  class space    used 14700K, committed 15360K, reserved 1048576K
}
Event: 12836.110 GC heap after
{Heap after GC invocations=244 (full 25):
 garbage-first heap   total 208896K, used 84046K [0x0000000084e00000, 0x0000000100000000)
  region size 1024K, 7 young (7168K), 7 survivors (7168K)
 Metaspace       used 108085K, committed 109312K, reserved 1179648K
  class space    used 14700K, committed 15360K, reserved 1048576K
}
Event: 12998.122 GC heap before
{Heap before GC invocations=245 (full 25):
 garbage-first heap   total 208896K, used 127054K [0x0000000084e00000, 0x0000000100000000)
  region size 1024K, 51 young (52224K), 7 survivors (7168K)
 Metaspace       used 108310K, committed 109504K, reserved 1179648K
  class space    used 14721K, committed 15360K, reserved 1048576K
}
Event: 12998.200 GC heap after
{Heap after GC invocations=246 (full 25):
 garbage-first heap   total 208896K, used 83544K [0x0000000084e00000, 0x0000000100000000)
  region size 1024K, 8 young (8192K), 8 survivors (8192K)
 Metaspace       used 108310K, committed 109504K, reserved 1179648K
  class space    used 14721K, committed 15360K, reserved 1048576K
}
Event: 13391.796 GC heap before
{Heap before GC invocations=247 (full 25):
 garbage-first heap   total 208896K, used 175704K [0x0000000084e00000, 0x0000000100000000)
  region size 1024K, 99 young (101376K), 8 survivors (8192K)
 Metaspace       used 106556K, committed 109504K, reserved 1179648K
  class space    used 14582K, committed 15360K, reserved 1048576K
}

